F:\GITHUB\ACM\DEBUG\VS2010-DEBUG\DEBUG\DEBUG.EXE
F:\GITHUB\ACM\DEBUG\VS2010-DEBUG\DEBUG\DEBUG.ILK
F:\GITHUB\ACM\DEBUG\VS2010-DEBUG\DEBUG\DEBUG.PDB
F:\GitHub\acm\debug\vs2010-debug\debug\Debug\cl.command.1.tlog
F:\GitHub\acm\debug\vs2010-debug\debug\Debug\CL.read.1.tlog
F:\GitHub\acm\debug\vs2010-debug\debug\Debug\CL.write.1.tlog
F:\GITHUB\ACM\DEBUG\VS2010-DEBUG\DEBUG\DEBUG\DEBUG.EXE.INTERMEDIATE.MANIFEST
F:\GitHub\acm\debug\vs2010-debug\debug\Debug\debug.vcxprojResolveAssemblyReference.cache
F:\GitHub\acm\debug\vs2010-debug\debug\Debug\debug.write.1.tlog
F:\GitHub\acm\debug\vs2010-debug\debug\Debug\link.command.1.tlog
F:\GitHub\acm\debug\vs2010-debug\debug\Debug\link.read.1.tlog
F:\GitHub\acm\debug\vs2010-debug\debug\Debug\link.write.1.tlog
F:\GitHub\acm\debug\vs2010-debug\debug\Debug\mt.command.1.tlog
F:\GitHub\acm\debug\vs2010-debug\debug\Debug\mt.read.1.tlog
F:\GitHub\acm\debug\vs2010-debug\debug\Debug\mt.write.1.tlog
F:\GITHUB\ACM\DEBUG\VS2010-DEBUG\DEBUG\DEBUG\PAT210.OBJ
F:\GITHUB\ACM\DEBUG\VS2010-DEBUG\DEBUG\DEBUG\PAT406.OBJ
F:\GITHUB\ACM\DEBUG\VS2010-DEBUG\DEBUG\DEBUG\PAT407.OBJ
F:\GitHub\acm\debug\vs2010-debug\debug\Debug\vc100.idb
F:\GITHUB\ACM\DEBUG\VS2010-DEBUG\DEBUG\DEBUG\VC100.PDB
